<?xml version="1.0" encoding="UTF-8"?>
<!-- Generated by org.testng.reporters.JUnitXMLReporter -->
<testsuite hostname="chef-server" name="chrome" tests="7" failures="5" timestamp="30 Aug 2016 10:49:48 GMT" time="144.824" errors="0">
  <testcase name="driverClass" time="2.633" classname="com.gqmaps.Login"/>
  <testcase name="loginValidation" time="136.836" classname="com.gqmaps.Login">
    <failure type="org.openqa.selenium.WebDriverException" message="Session [694272de-d8d4-43cf-94be-62d34f451c28] was terminated due to SO_TIMEOUT
Command duration or timeout: 26 milliseconds
Build info: version: &amp;apos;2.47.1&amp;apos;, revision: &amp;apos;411b314&amp;apos;, time: &amp;apos;2015-07-30 03:03:16&amp;apos;
System info: host: &amp;apos;chef-server&amp;apos;, ip: &amp;apos;127.0.1.1&amp;apos;, os.name: &amp;apos;Linux&amp;apos;, os.arch: &amp;apos;amd64&amp;apos;, os.version: &amp;apos;3.13.0-32-generic&amp;apos;, java.version: &amp;apos;1.7.0_95&amp;apos;
Session ID: 694272de-d8d4-43cf-94be-62d34f451c28
Driver info: org.openqa.selenium.remote.RemoteWebDriver
Capabilities [{platform=XP, javascriptEnabled=true, acceptSslCerts=true, browserName=chrome, chrome={userDataDir=C:\Users\NIVEDH~1.R\AppData\Local\Temp\scoped_dir7452_7392}, rotatable=false, locationContextEnabled=true, mobileEmulationEnabled=false, webdriver.remote.sessionid=694272de-d8d4-43cf-94be-62d34f451c28, version=52.0.2743.116, takesHeapSnapshot=true, databaseEnabled=false, cssSelectorsEnabled=true, handlesAlerts=true, browserConnectionEnabled=false, webStorageEnabled=true, nativeEvents=true, hasTouchScreen=false, applicationCacheEnabled=false, takesScreenshot=true}]">
      <![CDATA[org.openqa.selenium.WebDriverException: Session [694272de-d8d4-43cf-94be-62d34f451c28] was terminated due to SO_TIMEOUT
Command duration or timeout: 26 milliseconds
Build info: version: '2.47.1', revision: '411b314', time: '2015-07-30 03:03:16'
System info: host: 'chef-server', ip: '127.0.1.1', os.name: 'Linux', os.arch: 'amd64', os.version: '3.13.0-32-generic', java.version: '1.7.0_95'
Session ID: 694272de-d8d4-43cf-94be-62d34f451c28
Driver info: org.openqa.selenium.remote.RemoteWebDriver
Capabilities [{platform=XP, javascriptEnabled=true, acceptSslCerts=true, browserName=chrome, chrome={userDataDir=C:\Users\NIVEDH~1.R\AppData\Local\Temp\scoped_dir7452_7392}, rotatable=false, locationContextEnabled=true, mobileEmulationEnabled=false, webdriver.remote.sessionid=694272de-d8d4-43cf-94be-62d34f451c28, version=52.0.2743.116, takesHeapSnapshot=true, databaseEnabled=false, cssSelectorsEnabled=true, handlesAlerts=true, browserConnectionEnabled=false, webStorageEnabled=true, nativeEvents=true, hasTouchScreen=false, applicationCacheEnabled=false, takesScreenshot=true}]
	at org.openqa.selenium.remote.ErrorHandler.createThrowable(ErrorHandler.java:206)
	at org.openqa.selenium.remote.ErrorHandler.throwIfResponseFailed(ErrorHandler.java:158)
	at org.openqa.selenium.remote.RemoteWebDriver.execute(RemoteWebDriver.java:595)
	at org.openqa.selenium.remote.RemoteWebDriver.execute(RemoteWebDriver.java:618)
	at org.openqa.selenium.remote.RemoteWebDriver$RemoteAlert.accept(RemoteWebDriver.java:927)
	at com.gqmaps.Login.loginValidation(Login.java:102)
Caused by: org.openqa.grid.common.exception.GridException: Session [694272de-d8d4-43cf-94be-62d34f451c28] was terminated due to SO_TIMEOUT
	at org.openqa.grid.internal.ActiveTestSessions.getExistingSession(ActiveTestSessions.java:105)
	at org.openqa.grid.internal.Registry.getExistingSession(Registry.java:423)
	at org.openqa.grid.web.servlet.handler.RequestHandler.getSession(RequestHandler.java:238)
	at org.openqa.grid.web.servlet.handler.RequestHandler.process(RequestHandler.java:119)
	at org.openqa.grid.web.servlet.DriverServlet.process(DriverServlet.java:83)
	at org.openqa.grid.web.servlet.DriverServlet.doPost(DriverServlet.java:67)
	at javax.servlet.http.HttpServlet.service(HttpServlet.java:727)
	at javax.servlet.http.HttpServlet.service(HttpServlet.java:820)
	at org.seleniumhq.jetty7.servlet.ServletHolder.handle(ServletHolder.java:565)
	at org.seleniumhq.jetty7.servlet.ServletHandler.doHandle(ServletHandler.java:479)
	at org.seleniumhq.jetty7.server.session.SessionHandler.doHandle(SessionHandler.java:225)
	at org.seleniumhq.jetty7.server.handler.ContextHandler.doHandle(ContextHandler.java:1031)
	at org.seleniumhq.jetty7.servlet.ServletHandler.doScope(ServletHandler.java:406)
	at org.seleniumhq.jetty7.server.session.SessionHandler.doScope(SessionHandler.java:186)
	at org.seleniumhq.jetty7.server.handler.ContextHandler.doScope(ContextHandler.java:965)
	at org.seleniumhq.jetty7.server.handler.ScopedHandler.handle(ScopedHandler.java:117)
	at org.seleniumhq.jetty7.server.handler.HandlerWrapper.handle(HandlerWrapper.java:111)
	at org.seleniumhq.jetty7.server.Server.handle(Server.java:349)
	at org.seleniumhq.jetty7.server.AbstractHttpConnection.handleRequest(AbstractHttpConnection.java:452)
	at org.seleniumhq.jetty7.server.BlockingHttpConnection.handleRequest(BlockingHttpConnection.java:47)
	at org.seleniumhq.jetty7.server.AbstractHttpConnection.content(AbstractHttpConnection.java:894)
	at org.seleniumhq.jetty7.server.AbstractHttpConnection$RequestHandler.content(AbstractHttpConnection.java:948)
	at org.seleniumhq.jetty7.http.HttpParser.parseNext(HttpParser.java:857)
	at org.seleniumhq.jetty7.http.HttpParser.parseAvailable(HttpParser.java:235)
	at org.seleniumhq.jetty7.server.BlockingHttpConnection.handle(BlockingHttpConnection.java:66)
	at org.seleniumhq.jetty7.server.bio.SocketConnector$ConnectorEndPoint.run(SocketConnector.java:254)
	at org.seleniumhq.jetty7.util.thread.QueuedThreadPool.runJob(QueuedThreadPool.java:599)
	at org.seleniumhq.jetty7.util.thread.QueuedThreadPool$3.run(QueuedThreadPool.java:534)
	at java.lang.Thread.run(Thread.java:745)
... Removed 29 stack frames]]>
    </failure>
  </testcase> <!-- loginValidation -->
  <testcase name="menus" time="0.04" classname="com.gqmaps.Login">
    <failure type="org.openqa.selenium.WebDriverException" message="Session [694272de-d8d4-43cf-94be-62d34f451c28] was terminated due to SO_TIMEOUT
Command duration or timeout: 20 milliseconds
Build info: version: &amp;apos;2.47.1&amp;apos;, revision: &amp;apos;411b314&amp;apos;, time: &amp;apos;2015-07-30 03:03:16&amp;apos;
System info: host: &amp;apos;chef-server&amp;apos;, ip: &amp;apos;127.0.1.1&amp;apos;, os.name: &amp;apos;Linux&amp;apos;, os.arch: &amp;apos;amd64&amp;apos;, os.version: &amp;apos;3.13.0-32-generic&amp;apos;, java.version: &amp;apos;1.7.0_95&amp;apos;
*** Element info: {Using=xpath, value=.//*[@id=&amp;apos;content&amp;apos;]/div/div[1]/ul/li[1]/div}
Session ID: 694272de-d8d4-43cf-94be-62d34f451c28
Driver info: org.openqa.selenium.remote.RemoteWebDriver
Capabilities [{platform=XP, javascriptEnabled=true, acceptSslCerts=true, browserName=chrome, chrome={userDataDir=C:\Users\NIVEDH~1.R\AppData\Local\Temp\scoped_dir7452_7392}, rotatable=false, locationContextEnabled=true, mobileEmulationEnabled=false, webdriver.remote.sessionid=694272de-d8d4-43cf-94be-62d34f451c28, version=52.0.2743.116, takesHeapSnapshot=true, databaseEnabled=false, cssSelectorsEnabled=true, handlesAlerts=true, browserConnectionEnabled=false, webStorageEnabled=true, nativeEvents=true, hasTouchScreen=false, applicationCacheEnabled=false, takesScreenshot=true}]">
      <![CDATA[org.openqa.selenium.WebDriverException: Session [694272de-d8d4-43cf-94be-62d34f451c28] was terminated due to SO_TIMEOUT
Command duration or timeout: 20 milliseconds
Build info: version: '2.47.1', revision: '411b314', time: '2015-07-30 03:03:16'
System info: host: 'chef-server', ip: '127.0.1.1', os.name: 'Linux', os.arch: 'amd64', os.version: '3.13.0-32-generic', java.version: '1.7.0_95'
*** Element info: {Using=xpath, value=.//*[@id='content']/div/div[1]/ul/li[1]/div}
Session ID: 694272de-d8d4-43cf-94be-62d34f451c28
Driver info: org.openqa.selenium.remote.RemoteWebDriver
Capabilities [{platform=XP, javascriptEnabled=true, acceptSslCerts=true, browserName=chrome, chrome={userDataDir=C:\Users\NIVEDH~1.R\AppData\Local\Temp\scoped_dir7452_7392}, rotatable=false, locationContextEnabled=true, mobileEmulationEnabled=false, webdriver.remote.sessionid=694272de-d8d4-43cf-94be-62d34f451c28, version=52.0.2743.116, takesHeapSnapshot=true, databaseEnabled=false, cssSelectorsEnabled=true, handlesAlerts=true, browserConnectionEnabled=false, webStorageEnabled=true, nativeEvents=true, hasTouchScreen=false, applicationCacheEnabled=false, takesScreenshot=true}]
	at org.openqa.selenium.remote.ErrorHandler.createThrowable(ErrorHandler.java:206)
	at org.openqa.selenium.remote.ErrorHandler.throwIfResponseFailed(ErrorHandler.java:158)
	at org.openqa.selenium.remote.RemoteWebDriver.execute(RemoteWebDriver.java:595)
	at org.openqa.selenium.remote.RemoteWebDriver.findElement(RemoteWebDriver.java:348)
	at org.openqa.selenium.remote.RemoteWebDriver.findElementByXPath(RemoteWebDriver.java:445)
	at org.openqa.selenium.By$ByXPath.findElement(By.java:358)
	at org.openqa.selenium.remote.RemoteWebDriver.findElement(RemoteWebDriver.java:340)
	at org.openqa.selenium.support.ui.ExpectedConditions.findElement(ExpectedConditions.java:861)
	at org.openqa.selenium.support.ui.ExpectedConditions.access$0(ExpectedConditions.java:859)
	at org.openqa.selenium.support.ui.ExpectedConditions$7.apply(ExpectedConditions.java:205)
	at org.openqa.selenium.support.ui.ExpectedConditions$7.apply(ExpectedConditions.java:1)
	at org.openqa.selenium.support.ui.FluentWait.until(FluentWait.java:209)
	at com.gqmaps.Login.menus(Login.java:113)
Caused by: org.openqa.grid.common.exception.GridException: Session [694272de-d8d4-43cf-94be-62d34f451c28] was terminated due to SO_TIMEOUT
	at org.openqa.grid.internal.ActiveTestSessions.getExistingSession(ActiveTestSessions.java:105)
	at org.openqa.grid.internal.Registry.getExistingSession(Registry.java:423)
	at org.openqa.grid.web.servlet.handler.RequestHandler.getSession(RequestHandler.java:238)
	at org.openqa.grid.web.servlet.handler.RequestHandler.process(RequestHandler.java:119)
	at org.openqa.grid.web.servlet.DriverServlet.process(DriverServlet.java:83)
	at org.openqa.grid.web.servlet.DriverServlet.doPost(DriverServlet.java:67)
	at javax.servlet.http.HttpServlet.service(HttpServlet.java:727)
	at javax.servlet.http.HttpServlet.service(HttpServlet.java:820)
	at org.seleniumhq.jetty7.servlet.ServletHolder.handle(ServletHolder.java:565)
	at org.seleniumhq.jetty7.servlet.ServletHandler.doHandle(ServletHandler.java:479)
	at org.seleniumhq.jetty7.server.session.SessionHandler.doHandle(SessionHandler.java:225)
	at org.seleniumhq.jetty7.server.handler.ContextHandler.doHandle(ContextHandler.java:1031)
	at org.seleniumhq.jetty7.servlet.ServletHandler.doScope(ServletHandler.java:406)
	at org.seleniumhq.jetty7.server.session.SessionHandler.doScope(SessionHandler.java:186)
	at org.seleniumhq.jetty7.server.handler.ContextHandler.doScope(ContextHandler.java:965)
	at org.seleniumhq.jetty7.server.handler.ScopedHandler.handle(ScopedHandler.java:117)
	at org.seleniumhq.jetty7.server.handler.HandlerWrapper.handle(HandlerWrapper.java:111)
	at org.seleniumhq.jetty7.server.Server.handle(Server.java:349)
	at org.seleniumhq.jetty7.server.AbstractHttpConnection.handleRequest(AbstractHttpConnection.java:452)
	at org.seleniumhq.jetty7.server.BlockingHttpConnection.handleRequest(BlockingHttpConnection.java:47)
	at org.seleniumhq.jetty7.server.AbstractHttpConnection.content(AbstractHttpConnection.java:894)
	at org.seleniumhq.jetty7.server.AbstractHttpConnection$RequestHandler.content(AbstractHttpConnection.java:948)
	at org.seleniumhq.jetty7.http.HttpParser.parseNext(HttpParser.java:857)
	at org.seleniumhq.jetty7.http.HttpParser.parseAvailable(HttpParser.java:235)
	at org.seleniumhq.jetty7.server.BlockingHttpConnection.handle(BlockingHttpConnection.java:66)
	at org.seleniumhq.jetty7.server.bio.SocketConnector$ConnectorEndPoint.run(SocketConnector.java:254)
	at org.seleniumhq.jetty7.util.thread.QueuedThreadPool.runJob(QueuedThreadPool.java:599)
	at org.seleniumhq.jetty7.util.thread.QueuedThreadPool$3.run(QueuedThreadPool.java:534)
	at java.lang.Thread.run(Thread.java:745)
... Removed 29 stack frames]]>
    </failure>
  </testcase> <!-- menus -->
  <testcase name="monitor" time="0.022" classname="com.gqmaps.Login">
    <failure type="org.openqa.selenium.WebDriverException" message="Session [694272de-d8d4-43cf-94be-62d34f451c28] was terminated due to SO_TIMEOUT
Command duration or timeout: 16 milliseconds
Build info: version: &amp;apos;2.47.1&amp;apos;, revision: &amp;apos;411b314&amp;apos;, time: &amp;apos;2015-07-30 03:03:16&amp;apos;
System info: host: &amp;apos;chef-server&amp;apos;, ip: &amp;apos;127.0.1.1&amp;apos;, os.name: &amp;apos;Linux&amp;apos;, os.arch: &amp;apos;amd64&amp;apos;, os.version: &amp;apos;3.13.0-32-generic&amp;apos;, java.version: &amp;apos;1.7.0_95&amp;apos;
*** Element info: {Using=link text, value=Monitoring}
Session ID: 694272de-d8d4-43cf-94be-62d34f451c28
Driver info: org.openqa.selenium.remote.RemoteWebDriver
Capabilities [{platform=XP, javascriptEnabled=true, acceptSslCerts=true, browserName=chrome, chrome={userDataDir=C:\Users\NIVEDH~1.R\AppData\Local\Temp\scoped_dir7452_7392}, rotatable=false, locationContextEnabled=true, mobileEmulationEnabled=false, webdriver.remote.sessionid=694272de-d8d4-43cf-94be-62d34f451c28, version=52.0.2743.116, takesHeapSnapshot=true, databaseEnabled=false, cssSelectorsEnabled=true, handlesAlerts=true, browserConnectionEnabled=false, webStorageEnabled=true, nativeEvents=true, hasTouchScreen=false, applicationCacheEnabled=false, takesScreenshot=true}]">
      <![CDATA[org.openqa.selenium.WebDriverException: Session [694272de-d8d4-43cf-94be-62d34f451c28] was terminated due to SO_TIMEOUT
Command duration or timeout: 16 milliseconds
Build info: version: '2.47.1', revision: '411b314', time: '2015-07-30 03:03:16'
System info: host: 'chef-server', ip: '127.0.1.1', os.name: 'Linux', os.arch: 'amd64', os.version: '3.13.0-32-generic', java.version: '1.7.0_95'
*** Element info: {Using=link text, value=Monitoring}
Session ID: 694272de-d8d4-43cf-94be-62d34f451c28
Driver info: org.openqa.selenium.remote.RemoteWebDriver
Capabilities [{platform=XP, javascriptEnabled=true, acceptSslCerts=true, browserName=chrome, chrome={userDataDir=C:\Users\NIVEDH~1.R\AppData\Local\Temp\scoped_dir7452_7392}, rotatable=false, locationContextEnabled=true, mobileEmulationEnabled=false, webdriver.remote.sessionid=694272de-d8d4-43cf-94be-62d34f451c28, version=52.0.2743.116, takesHeapSnapshot=true, databaseEnabled=false, cssSelectorsEnabled=true, handlesAlerts=true, browserConnectionEnabled=false, webStorageEnabled=true, nativeEvents=true, hasTouchScreen=false, applicationCacheEnabled=false, takesScreenshot=true}]
	at org.openqa.selenium.remote.ErrorHandler.createThrowable(ErrorHandler.java:206)
	at org.openqa.selenium.remote.ErrorHandler.throwIfResponseFailed(ErrorHandler.java:158)
	at org.openqa.selenium.remote.RemoteWebDriver.execute(RemoteWebDriver.java:595)
	at org.openqa.selenium.remote.RemoteWebDriver.findElement(RemoteWebDriver.java:348)
	at org.openqa.selenium.remote.RemoteWebDriver.findElementByLinkText(RemoteWebDriver.java:397)
	at org.openqa.selenium.By$ByLinkText.findElement(By.java:243)
	at org.openqa.selenium.remote.RemoteWebDriver.findElement(RemoteWebDriver.java:340)
	at com.gqmaps.Login.monitor(Login.java:151)
Caused by: org.openqa.grid.common.exception.GridException: Session [694272de-d8d4-43cf-94be-62d34f451c28] was terminated due to SO_TIMEOUT
	at org.openqa.grid.internal.ActiveTestSessions.getExistingSession(ActiveTestSessions.java:105)
	at org.openqa.grid.internal.Registry.getExistingSession(Registry.java:423)
	at org.openqa.grid.web.servlet.handler.RequestHandler.getSession(RequestHandler.java:238)
	at org.openqa.grid.web.servlet.handler.RequestHandler.process(RequestHandler.java:119)
	at org.openqa.grid.web.servlet.DriverServlet.process(DriverServlet.java:83)
	at org.openqa.grid.web.servlet.DriverServlet.doPost(DriverServlet.java:67)
	at javax.servlet.http.HttpServlet.service(HttpServlet.java:727)
	at javax.servlet.http.HttpServlet.service(HttpServlet.java:820)
	at org.seleniumhq.jetty7.servlet.ServletHolder.handle(ServletHolder.java:565)
	at org.seleniumhq.jetty7.servlet.ServletHandler.doHandle(ServletHandler.java:479)
	at org.seleniumhq.jetty7.server.session.SessionHandler.doHandle(SessionHandler.java:225)
	at org.seleniumhq.jetty7.server.handler.ContextHandler.doHandle(ContextHandler.java:1031)
	at org.seleniumhq.jetty7.servlet.ServletHandler.doScope(ServletHandler.java:406)
	at org.seleniumhq.jetty7.server.session.SessionHandler.doScope(SessionHandler.java:186)
	at org.seleniumhq.jetty7.server.handler.ContextHandler.doScope(ContextHandler.java:965)
	at org.seleniumhq.jetty7.server.handler.ScopedHandler.handle(ScopedHandler.java:117)
	at org.seleniumhq.jetty7.server.handler.HandlerWrapper.handle(HandlerWrapper.java:111)
	at org.seleniumhq.jetty7.server.Server.handle(Server.java:349)
	at org.seleniumhq.jetty7.server.AbstractHttpConnection.handleRequest(AbstractHttpConnection.java:452)
	at org.seleniumhq.jetty7.server.BlockingHttpConnection.handleRequest(BlockingHttpConnection.java:47)
	at org.seleniumhq.jetty7.server.AbstractHttpConnection.content(AbstractHttpConnection.java:894)
	at org.seleniumhq.jetty7.server.AbstractHttpConnection$RequestHandler.content(AbstractHttpConnection.java:948)
	at org.seleniumhq.jetty7.http.HttpParser.parseNext(HttpParser.java:857)
	at org.seleniumhq.jetty7.http.HttpParser.parseAvailable(HttpParser.java:235)
	at org.seleniumhq.jetty7.server.BlockingHttpConnection.handle(BlockingHttpConnection.java:66)
	at org.seleniumhq.jetty7.server.bio.SocketConnector$ConnectorEndPoint.run(SocketConnector.java:254)
	at org.seleniumhq.jetty7.util.thread.QueuedThreadPool.runJob(QueuedThreadPool.java:599)
	at org.seleniumhq.jetty7.util.thread.QueuedThreadPool$3.run(QueuedThreadPool.java:534)
	at java.lang.Thread.run(Thread.java:745)
... Removed 29 stack frames]]>
    </failure>
  </testcase> <!-- monitor -->
  <testcase name="virtual" time="0.028" classname="com.gqmaps.Login">
    <failure type="org.openqa.selenium.WebDriverException" message="Session [694272de-d8d4-43cf-94be-62d34f451c28] was terminated due to SO_TIMEOUT
Command duration or timeout: 24 milliseconds
Build info: version: &amp;apos;2.47.1&amp;apos;, revision: &amp;apos;411b314&amp;apos;, time: &amp;apos;2015-07-30 03:03:16&amp;apos;
System info: host: &amp;apos;chef-server&amp;apos;, ip: &amp;apos;127.0.1.1&amp;apos;, os.name: &amp;apos;Linux&amp;apos;, os.arch: &amp;apos;amd64&amp;apos;, os.version: &amp;apos;3.13.0-32-generic&amp;apos;, java.version: &amp;apos;1.7.0_95&amp;apos;
*** Element info: {Using=link text, value=Virtualization}
Session ID: 694272de-d8d4-43cf-94be-62d34f451c28
Driver info: org.openqa.selenium.remote.RemoteWebDriver
Capabilities [{platform=XP, javascriptEnabled=true, acceptSslCerts=true, browserName=chrome, chrome={userDataDir=C:\Users\NIVEDH~1.R\AppData\Local\Temp\scoped_dir7452_7392}, rotatable=false, locationContextEnabled=true, mobileEmulationEnabled=false, webdriver.remote.sessionid=694272de-d8d4-43cf-94be-62d34f451c28, version=52.0.2743.116, takesHeapSnapshot=true, databaseEnabled=false, cssSelectorsEnabled=true, handlesAlerts=true, browserConnectionEnabled=false, webStorageEnabled=true, nativeEvents=true, hasTouchScreen=false, applicationCacheEnabled=false, takesScreenshot=true}]">
      <![CDATA[org.openqa.selenium.WebDriverException: Session [694272de-d8d4-43cf-94be-62d34f451c28] was terminated due to SO_TIMEOUT
Command duration or timeout: 24 milliseconds
Build info: version: '2.47.1', revision: '411b314', time: '2015-07-30 03:03:16'
System info: host: 'chef-server', ip: '127.0.1.1', os.name: 'Linux', os.arch: 'amd64', os.version: '3.13.0-32-generic', java.version: '1.7.0_95'
*** Element info: {Using=link text, value=Virtualization}
Session ID: 694272de-d8d4-43cf-94be-62d34f451c28
Driver info: org.openqa.selenium.remote.RemoteWebDriver
Capabilities [{platform=XP, javascriptEnabled=true, acceptSslCerts=true, browserName=chrome, chrome={userDataDir=C:\Users\NIVEDH~1.R\AppData\Local\Temp\scoped_dir7452_7392}, rotatable=false, locationContextEnabled=true, mobileEmulationEnabled=false, webdriver.remote.sessionid=694272de-d8d4-43cf-94be-62d34f451c28, version=52.0.2743.116, takesHeapSnapshot=true, databaseEnabled=false, cssSelectorsEnabled=true, handlesAlerts=true, browserConnectionEnabled=false, webStorageEnabled=true, nativeEvents=true, hasTouchScreen=false, applicationCacheEnabled=false, takesScreenshot=true}]
	at org.openqa.selenium.remote.ErrorHandler.createThrowable(ErrorHandler.java:206)
	at org.openqa.selenium.remote.ErrorHandler.throwIfResponseFailed(ErrorHandler.java:158)
	at org.openqa.selenium.remote.RemoteWebDriver.execute(RemoteWebDriver.java:595)
	at org.openqa.selenium.remote.RemoteWebDriver.findElement(RemoteWebDriver.java:348)
	at org.openqa.selenium.remote.RemoteWebDriver.findElementByLinkText(RemoteWebDriver.java:397)
	at org.openqa.selenium.By$ByLinkText.findElement(By.java:243)
	at org.openqa.selenium.remote.RemoteWebDriver.findElement(RemoteWebDriver.java:340)
	at com.gqmaps.Login.virtual(Login.java:173)
Caused by: org.openqa.grid.common.exception.GridException: Session [694272de-d8d4-43cf-94be-62d34f451c28] was terminated due to SO_TIMEOUT
	at org.openqa.grid.internal.ActiveTestSessions.getExistingSession(ActiveTestSessions.java:105)
	at org.openqa.grid.internal.Registry.getExistingSession(Registry.java:423)
	at org.openqa.grid.web.servlet.handler.RequestHandler.getSession(RequestHandler.java:238)
	at org.openqa.grid.web.servlet.handler.RequestHandler.process(RequestHandler.java:119)
	at org.openqa.grid.web.servlet.DriverServlet.process(DriverServlet.java:83)
	at org.openqa.grid.web.servlet.DriverServlet.doPost(DriverServlet.java:67)
	at javax.servlet.http.HttpServlet.service(HttpServlet.java:727)
	at javax.servlet.http.HttpServlet.service(HttpServlet.java:820)
	at org.seleniumhq.jetty7.servlet.ServletHolder.handle(ServletHolder.java:565)
	at org.seleniumhq.jetty7.servlet.ServletHandler.doHandle(ServletHandler.java:479)
	at org.seleniumhq.jetty7.server.session.SessionHandler.doHandle(SessionHandler.java:225)
	at org.seleniumhq.jetty7.server.handler.ContextHandler.doHandle(ContextHandler.java:1031)
	at org.seleniumhq.jetty7.servlet.ServletHandler.doScope(ServletHandler.java:406)
	at org.seleniumhq.jetty7.server.session.SessionHandler.doScope(SessionHandler.java:186)
	at org.seleniumhq.jetty7.server.handler.ContextHandler.doScope(ContextHandler.java:965)
	at org.seleniumhq.jetty7.server.handler.ScopedHandler.handle(ScopedHandler.java:117)
	at org.seleniumhq.jetty7.server.handler.HandlerWrapper.handle(HandlerWrapper.java:111)
	at org.seleniumhq.jetty7.server.Server.handle(Server.java:349)
	at org.seleniumhq.jetty7.server.AbstractHttpConnection.handleRequest(AbstractHttpConnection.java:452)
	at org.seleniumhq.jetty7.server.BlockingHttpConnection.handleRequest(BlockingHttpConnection.java:47)
	at org.seleniumhq.jetty7.server.AbstractHttpConnection.content(AbstractHttpConnection.java:894)
	at org.seleniumhq.jetty7.server.AbstractHttpConnection$RequestHandler.content(AbstractHttpConnection.java:948)
	at org.seleniumhq.jetty7.http.HttpParser.parseNext(HttpParser.java:857)
	at org.seleniumhq.jetty7.http.HttpParser.parseAvailable(HttpParser.java:235)
	at org.seleniumhq.jetty7.server.BlockingHttpConnection.handle(BlockingHttpConnection.java:66)
	at org.seleniumhq.jetty7.server.bio.SocketConnector$ConnectorEndPoint.run(SocketConnector.java:254)
	at org.seleniumhq.jetty7.util.thread.QueuedThreadPool.runJob(QueuedThreadPool.java:599)
	at org.seleniumhq.jetty7.util.thread.QueuedThreadPool$3.run(QueuedThreadPool.java:534)
	at java.lang.Thread.run(Thread.java:745)
... Removed 29 stack frames]]>
    </failure>
  </testcase> <!-- virtual -->
  <testcase name="dashboard" time="0.052" classname="com.gqmaps.Login"/>
  <testcase name="compute" time="1.021" classname="com.gqmaps.Login">
    <failure type="org.openqa.selenium.WebDriverException" message="Session [694272de-d8d4-43cf-94be-62d34f451c28] was terminated due to SO_TIMEOUT
Command duration or timeout: 16 milliseconds
Build info: version: &amp;apos;2.47.1&amp;apos;, revision: &amp;apos;411b314&amp;apos;, time: &amp;apos;2015-07-30 03:03:16&amp;apos;
System info: host: &amp;apos;chef-server&amp;apos;, ip: &amp;apos;127.0.1.1&amp;apos;, os.name: &amp;apos;Linux&amp;apos;, os.arch: &amp;apos;amd64&amp;apos;, os.version: &amp;apos;3.13.0-32-generic&amp;apos;, java.version: &amp;apos;1.7.0_95&amp;apos;
*** Element info: {Using=xpath, value=//label[@id=&amp;apos;fader&amp;apos;]}
Session ID: 694272de-d8d4-43cf-94be-62d34f451c28
Driver info: org.openqa.selenium.remote.RemoteWebDriver
Capabilities [{platform=XP, javascriptEnabled=true, acceptSslCerts=true, browserName=chrome, chrome={userDataDir=C:\Users\NIVEDH~1.R\AppData\Local\Temp\scoped_dir7452_7392}, rotatable=false, locationContextEnabled=true, mobileEmulationEnabled=false, webdriver.remote.sessionid=694272de-d8d4-43cf-94be-62d34f451c28, version=52.0.2743.116, takesHeapSnapshot=true, databaseEnabled=false, cssSelectorsEnabled=true, handlesAlerts=true, browserConnectionEnabled=false, webStorageEnabled=true, nativeEvents=true, hasTouchScreen=false, applicationCacheEnabled=false, takesScreenshot=true}]">
      <![CDATA[org.openqa.selenium.WebDriverException: Session [694272de-d8d4-43cf-94be-62d34f451c28] was terminated due to SO_TIMEOUT
Command duration or timeout: 16 milliseconds
Build info: version: '2.47.1', revision: '411b314', time: '2015-07-30 03:03:16'
System info: host: 'chef-server', ip: '127.0.1.1', os.name: 'Linux', os.arch: 'amd64', os.version: '3.13.0-32-generic', java.version: '1.7.0_95'
*** Element info: {Using=xpath, value=//label[@id='fader']}
Session ID: 694272de-d8d4-43cf-94be-62d34f451c28
Driver info: org.openqa.selenium.remote.RemoteWebDriver
Capabilities [{platform=XP, javascriptEnabled=true, acceptSslCerts=true, browserName=chrome, chrome={userDataDir=C:\Users\NIVEDH~1.R\AppData\Local\Temp\scoped_dir7452_7392}, rotatable=false, locationContextEnabled=true, mobileEmulationEnabled=false, webdriver.remote.sessionid=694272de-d8d4-43cf-94be-62d34f451c28, version=52.0.2743.116, takesHeapSnapshot=true, databaseEnabled=false, cssSelectorsEnabled=true, handlesAlerts=true, browserConnectionEnabled=false, webStorageEnabled=true, nativeEvents=true, hasTouchScreen=false, applicationCacheEnabled=false, takesScreenshot=true}]
	at org.openqa.selenium.remote.ErrorHandler.createThrowable(ErrorHandler.java:206)
	at org.openqa.selenium.remote.ErrorHandler.throwIfResponseFailed(ErrorHandler.java:158)
	at org.openqa.selenium.remote.RemoteWebDriver.execute(RemoteWebDriver.java:595)
	at org.openqa.selenium.remote.RemoteWebDriver.findElement(RemoteWebDriver.java:348)
	at org.openqa.selenium.remote.RemoteWebDriver.findElementByXPath(RemoteWebDriver.java:445)
	at org.openqa.selenium.By$ByXPath.findElement(By.java:358)
	at org.openqa.selenium.remote.RemoteWebDriver.findElement(RemoteWebDriver.java:340)
	at org.openqa.selenium.support.ui.ExpectedConditions.findElement(ExpectedConditions.java:861)
	at org.openqa.selenium.support.ui.ExpectedConditions.access$0(ExpectedConditions.java:859)
	at org.openqa.selenium.support.ui.ExpectedConditions$7.apply(ExpectedConditions.java:205)
	at org.openqa.selenium.support.ui.ExpectedConditions$7.apply(ExpectedConditions.java:1)
	at org.openqa.selenium.support.ui.ExpectedConditions$22.apply(ExpectedConditions.java:655)
	at org.openqa.selenium.support.ui.ExpectedConditions$22.apply(ExpectedConditions.java:1)
	at org.openqa.selenium.support.ui.FluentWait.until(FluentWait.java:209)
	at com.gqmaps.Login.compute(Login.java:232)
Caused by: org.openqa.grid.common.exception.GridException: Session [694272de-d8d4-43cf-94be-62d34f451c28] was terminated due to SO_TIMEOUT
	at org.openqa.grid.internal.ActiveTestSessions.getExistingSession(ActiveTestSessions.java:105)
	at org.openqa.grid.internal.Registry.getExistingSession(Registry.java:423)
	at org.openqa.grid.web.servlet.handler.RequestHandler.getSession(RequestHandler.java:238)
	at org.openqa.grid.web.servlet.handler.RequestHandler.process(RequestHandler.java:119)
	at org.openqa.grid.web.servlet.DriverServlet.process(DriverServlet.java:83)
	at org.openqa.grid.web.servlet.DriverServlet.doPost(DriverServlet.java:67)
	at javax.servlet.http.HttpServlet.service(HttpServlet.java:727)
	at javax.servlet.http.HttpServlet.service(HttpServlet.java:820)
	at org.seleniumhq.jetty7.servlet.ServletHolder.handle(ServletHolder.java:565)
	at org.seleniumhq.jetty7.servlet.ServletHandler.doHandle(ServletHandler.java:479)
	at org.seleniumhq.jetty7.server.session.SessionHandler.doHandle(SessionHandler.java:225)
	at org.seleniumhq.jetty7.server.handler.ContextHandler.doHandle(ContextHandler.java:1031)
	at org.seleniumhq.jetty7.servlet.ServletHandler.doScope(ServletHandler.java:406)
	at org.seleniumhq.jetty7.server.session.SessionHandler.doScope(SessionHandler.java:186)
	at org.seleniumhq.jetty7.server.handler.ContextHandler.doScope(ContextHandler.java:965)
	at org.seleniumhq.jetty7.server.handler.ScopedHandler.handle(ScopedHandler.java:117)
	at org.seleniumhq.jetty7.server.handler.HandlerWrapper.handle(HandlerWrapper.java:111)
	at org.seleniumhq.jetty7.server.Server.handle(Server.java:349)
	at org.seleniumhq.jetty7.server.AbstractHttpConnection.handleRequest(AbstractHttpConnection.java:452)
	at org.seleniumhq.jetty7.server.BlockingHttpConnection.handleRequest(BlockingHttpConnection.java:47)
	at org.seleniumhq.jetty7.server.AbstractHttpConnection.content(AbstractHttpConnection.java:894)
	at org.seleniumhq.jetty7.server.AbstractHttpConnection$RequestHandler.content(AbstractHttpConnection.java:948)
	at org.seleniumhq.jetty7.http.HttpParser.parseNext(HttpParser.java:857)
	at org.seleniumhq.jetty7.http.HttpParser.parseAvailable(HttpParser.java:235)
	at org.seleniumhq.jetty7.server.BlockingHttpConnection.handle(BlockingHttpConnection.java:66)
	at org.seleniumhq.jetty7.server.bio.SocketConnector$ConnectorEndPoint.run(SocketConnector.java:254)
	at org.seleniumhq.jetty7.util.thread.QueuedThreadPool.runJob(QueuedThreadPool.java:599)
	at org.seleniumhq.jetty7.util.thread.QueuedThreadPool$3.run(QueuedThreadPool.java:534)
	at java.lang.Thread.run(Thread.java:745)
... Removed 29 stack frames]]>
    </failure>
  </testcase> <!-- compute -->
</testsuite> <!-- chrome -->
