<?xml version="1.0" encoding="UTF-8"?>
<!-- Generated by org.testng.reporters.JUnitXMLReporter -->
<testsuite hostname="chef-server" name="Chrome" tests="6" failures="0" timestamp="26 Aug 2016 11:05:26 GMT" time="372.748" errors="0">
  <testcase name="loginValidation" time="3.383" classname="com.gqmaps.Login"/>
  <testcase name="menus" time="141.65" classname="com.gqmaps.Login"/>
  <testcase name="monitor" time="69.978" classname="com.gqmaps.Login"/>
  <testcase name="virtual" time="34.468" classname="com.gqmaps.Login"/>
  <testcase name="dashboard" time="32.382" classname="com.gqmaps.Login"/>
  <testcase name="compute" time="85.768" classname="com.gqmaps.Login"/>
</testsuite> <!-- Chrome -->
